<?xml version="1.0" encoding="UTF-8"?>
<testsuite name="PostmanEchoTest" tests="1" skipped="0" failures="0" errors="0" timestamp="2022-10-17T11:54:06" hostname="RUSH-V" time="2.971">
  <properties/>
  <testcase name="shouldSendData()" classname="PostmanEchoTest" time="2.971"/>
  <system-out><![CDATA[]]></system-out>
  <system-err><![CDATA[]]></system-err>
</testsuite>
